<?xml version="1.0" encoding="UTF-8"?>
<!-- Generated by org.testng.reporters.JUnitReportReporter -->
<testsuite hostname="IMPETUS-233" name="TestClass1" tests="1" failures="0" timestamp="11 Aug 2014 08:38:57 GMT" time="7.742" errors="0">
  <testcase name="testFindElements" time="7.742" classname="TestClass1"/>
</testsuite> <!-- TestClass1 -->
